# JRE version: OpenJDK Runtime Environment (8.0_242-b01) (build 1.8.0_242-release-1644-b01)
# Java VM: OpenJDK 64-Bit Server VM (25.242-b01 mixed mode windows-amd64 compressed oops)
Heap:
 PSYoungGen      total 201216K, used 73995K [0x00000000d5580000, 0x00000000e7980000, 0x0000000100000000)
  eden space 183296K, 40% used [0x00000000d5580000,0x00000000d9dc2d98,0x00000000e0880000)
  from space 17920K, 0% used [0x00000000e0880000,0x00000000e0880000,0x00000000e1a00000)
  to   space 22528K, 0% used [0x00000000e6380000,0x00000000e6380000,0x00000000e7980000)
 ParOldGen       total 278016K, used 33894K [0x0000000080000000, 0x0000000090f80000, 0x00000000d5580000)
  object space 278016K, 12% used [0x0000000080000000,0x0000000082119b80,0x0000000090f80000)
 Metaspace       used 61971K, capacity 64122K, committed 64296K, reserved 1103872K
  class space    used 8477K, capacity 8954K, committed 9008K, reserved 1048576K
GC Heap History (10 events):
Event: 9.203 GC heap before
{Heap before GC invocations=6 (full 1):
 PSYoungGen      total 136192K, used 110355K [0x00000000d5580000, 0x00000000e0c00000, 0x0000000100000000)
  eden space 126464K, 79% used [0x00000000d5580000,0x00000000db815148,0x00000000dd100000)
  from space 9728K, 96% used [0x00000000e0280000,0x00000000e0bafac0,0x00000000e0c00000)
  to   space 13312K, 0% used [0x00000000df200000,0x00000000df200000,0x00000000dff00000)
 ParOldGen       total 127488K, used 9843K [0x0000000080000000, 0x0000000087c80000, 0x00000000d5580000)
  object space 127488K, 7% used [0x0000000080000000,0x000000008099cc20,0x0000000087c80000)
 Metaspace       used 34619K, capacity 35426K, committed 35496K, reserved 1079296K
  class space    used 4747K, capacity 4976K, committed 5040K, reserved 1048576K
Event: 9.212 GC heap after
Heap after GC invocations=6 (full 1):
 PSYoungGen      total 173568K, used 11282K [0x00000000d5580000, 0x00000000e2680000, 0x0000000100000000)
  eden space 160256K, 0% used [0x00000000d5580000,0x00000000d5580000,0x00000000df200000)
  from space 13312K, 84% used [0x00000000df200000,0x00000000dfd04920,0x00000000dff00000)
  to   space 12800K, 0% used [0x00000000e1a00000,0x00000000e1a00000,0x00000000e2680000)
 ParOldGen       total 127488K, used 9851K [0x0000000080000000, 0x0000000087c80000, 0x00000000d5580000)
  object space 127488K, 7% used [0x0000000080000000,0x000000008099ec20,0x0000000087c80000)
 Metaspace       used 34619K, capacity 35426K, committed 35496K, reserved 1079296K
  class space    used 4747K, capacity 4976K, committed 5040K, reserved 1048576K
}
Event: 9.212 GC heap before
{Heap before GC invocations=7 (full 2):
 PSYoungGen      total 173568K, used 11282K [0x00000000d5580000, 0x00000000e2680000, 0x0000000100000000)
  eden space 160256K, 0% used [0x00000000d5580000,0x00000000d5580000,0x00000000df200000)
  from space 13312K, 84% used [0x00000000df200000,0x00000000dfd04920,0x00000000dff00000)
  to   space 12800K, 0% used [0x00000000e1a00000,0x00000000e1a00000,0x00000000e2680000)
 ParOldGen       total 127488K, used 9851K [0x0000000080000000, 0x0000000087c80000, 0x00000000d5580000)
  object space 127488K, 7% used [0x0000000080000000,0x000000008099ec20,0x0000000087c80000)
 Metaspace       used 34619K, capacity 35426K, committed 35496K, reserved 1079296K
  class space    used 4747K, capacity 4976K, committed 5040K, reserved 1048576K
Event: 9.251 GC heap after
Heap after GC invocations=7 (full 2):
 PSYoungGen      total 173568K, used 0K [0x00000000d5580000, 0x00000000e2680000, 0x0000000100000000)
  eden space 160256K, 0% used [0x00000000d5580000,0x00000000d5580000,0x00000000df200000)
  from space 13312K, 0% used [0x00000000df200000,0x00000000df200000,0x00000000dff00000)
  to   space 12800K, 0% used [0x00000000e1a00000,0x00000000e1a00000,0x00000000e2680000)
 ParOldGen       total 193536K, used 17761K [0x0000000080000000, 0x000000008bd00000, 0x00000000d5580000)
  object space 193536K, 9% used [0x0000000080000000,0x0000000081158478,0x000000008bd00000)
 Metaspace       used 34619K, capacity 35426K, committed 35496K, reserved 1079296K
  class space    used 4747K, capacity 4976K, committed 5040K, reserved 1048576K
}
Event: 26.067 GC heap before
{Heap before GC invocations=8 (full 2):
 PSYoungGen      total 173568K, used 160256K [0x00000000d5580000, 0x00000000e2680000, 0x0000000100000000)
  eden space 160256K, 100% used [0x00000000d5580000,0x00000000df200000,0x00000000df200000)
  from space 13312K, 0% used [0x00000000df200000,0x00000000df200000,0x00000000dff00000)
  to   space 12800K, 0% used [0x00000000e1a00000,0x00000000e1a00000,0x00000000e2680000)
 ParOldGen       total 193536K, used 17761K [0x0000000080000000, 0x000000008bd00000, 0x00000000d5580000)
  object space 193536K, 9% used [0x0000000080000000,0x0000000081158478,0x000000008bd00000)
 Metaspace       used 49257K, capacity 50894K, committed 51112K, reserved 1093632K
  class space    used 6598K, capacity 6990K, committed 7088K, reserved 1048576K
Event: 26.083 GC heap after
Heap after GC invocations=8 (full 2):
 PSYoungGen      total 196096K, used 12770K [0x00000000d5580000, 0x00000000e5a80000, 0x0000000100000000)
  eden space 183296K, 0% used [0x00000000d5580000,0x00000000d5580000,0x00000000e0880000)
  from space 12800K, 99% used [0x00000000e1a00000,0x00000000e26788a0,0x00000000e2680000)
  to   space 17920K, 0% used [0x00000000e0880000,0x00000000e0880000,0x00000000e1a00000)
 ParOldGen       total 193536K, used 24749K [0x0000000080000000, 0x000000008bd00000, 0x00000000d5580000)
  object space 193536K, 12% used [0x0000000080000000,0x000000008182b670,0x000000008bd00000)
 Metaspace       used 49257K, capacity 50894K, committed 51112K, reserved 1093632K
  class space    used 6598K, capacity 6990K, committed 7088K, reserved 1048576K
}
Event: 43.869 GC heap before
{Heap before GC invocations=9 (full 2):
 PSYoungGen      total 196096K, used 121145K [0x00000000d5580000, 0x00000000e5a80000, 0x0000000100000000)
  eden space 183296K, 59% used [0x00000000d5580000,0x00000000dbf55be8,0x00000000e0880000)
  from space 12800K, 99% used [0x00000000e1a00000,0x00000000e26788a0,0x00000000e2680000)
  to   space 17920K, 0% used [0x00000000e0880000,0x00000000e0880000,0x00000000e1a00000)
 ParOldGen       total 193536K, used 24749K [0x0000000080000000, 0x000000008bd00000, 0x00000000d5580000)
  object space 193536K, 12% used [0x0000000080000000,0x000000008182b670,0x000000008bd00000)
 Metaspace       used 56990K, capacity 59084K, committed 59160K, reserved 1099776K
  class space    used 7840K, capacity 8305K, committed 8368K, reserved 1048576K
Event: 43.884 GC heap after
Heap after GC invocations=9 (full 2):
 PSYoungGen      total 201216K, used 17892K [0x00000000d5580000, 0x00000000e7980000, 0x0000000100000000)
  eden space 183296K, 0% used [0x00000000d5580000,0x00000000d5580000,0x00000000e0880000)
  from space 17920K, 99% used [0x00000000e0880000,0x00000000e19f9208,0x00000000e1a00000)
  to   space 22528K, 0% used [0x00000000e6380000,0x00000000e6380000,0x00000000e7980000)
 ParOldGen       total 193536K, used 28707K [0x0000000080000000, 0x000000008bd00000, 0x00000000d5580000)
  object space 193536K, 14% used [0x0000000080000000,0x0000000081c08ff8,0x000000008bd00000)
 Metaspace       used 56990K, capacity 59084K, committed 59160K, reserved 1099776K
  class space    used 7840K, capacity 8305K, committed 8368K, reserved 1048576K
}
Event: 43.884 GC heap before
{Heap before GC invocations=10 (full 3):
 PSYoungGen      total 201216K, used 17892K [0x00000000d5580000, 0x00000000e7980000, 0x0000000100000000)
  eden space 183296K, 0% used [0x00000000d5580000,0x00000000d5580000,0x00000000e0880000)
  from space 17920K, 99% used [0x00000000e0880000,0x00000000e19f9208,0x00000000e1a00000)
  to   space 22528K, 0% used [0x00000000e6380000,0x00000000e6380000,0x00000000e7980000)
 ParOldGen       total 193536K, used 28707K [0x0000000080000000, 0x000000008bd00000, 0x00000000d5580000)
  object space 193536K, 14% used [0x0000000080000000,0x0000000081c08ff8,0x000000008bd00000)
 Metaspace       used 56990K, capacity 59084K, committed 59160K, reserved 1099776K
  class space    used 7840K, capacity 8305K, committed 8368K, reserved 1048576K
Event: 44.094 GC heap after
Heap after GC invocations=10 (full 3):
 PSYoungGen      total 201216K, used 0K [0x00000000d5580000, 0x00000000e7980000, 0x0000000100000000)
  eden space 183296K, 0% used [0x00000000d5580000,0x00000000d5580000,0x00000000e0880000)
  from space 17920K, 0% used [0x00000000e0880000,0x00000000e0880000,0x00000000e1a00000)
  to   space 22528K, 0% used [0x00000000e6380000,0x00000000e6380000,0x00000000e7980000)
 ParOldGen       total 278016K, used 33894K [0x0000000080000000, 0x0000000090f80000, 0x00000000d5580000)
  object space 278016K, 12% used [0x0000000080000000,0x0000000082119b80,0x0000000090f80000)
 Metaspace       used 56949K, capacity 58946K, committed 59160K, reserved 1099776K
  class space    used 7827K, capacity 8282K, committed 8368K, reserved 1048576K
}

